#
# There is insufficient memory for the Java Runtime Environment to continue.
# Native memory allocation (mmap) failed to map 134217728 bytes for G1 virtual space
# Possible reasons:
#   The system is out of physical RAM or swap space
#   The process is running with CompressedOops enabled, and the Java Heap may be blocking the growth of the native heap
# Possible solutions:
#   Reduce memory load on the system
#   Increase physical memory or swap space
#   Check if swap backing store is full
#   Decrease Java heap size (-Xmx/-Xms)
#   Decrease number of Java threads
#   Decrease Java thread stack sizes (-Xss)
#   Set larger code cache with -XX:ReservedCodeCacheSize=
#   JVM is running with Unscaled Compressed Oops mode in which the Java heap is
#     placed in the first 4GB address space. The Java Heap base address is the
#     maximum limit for the native heap growth. Please use -XX:HeapBaseMinAddress
#     to set the Java Heap base and to place the Java Heap above 4GB virtual address.
# This output file may be truncated or incomplete.
#
#  Out of Memory Error (os_windows.cpp:3769), pid=26556, tid=16212
#
# JRE version:  (17.0.6+10) (build )
# Java VM: OpenJDK 64-Bit Server VM (17.0.6+10-b829.5, mixed mode, sharing, tiered, compressed oops, compressed class ptrs, g1 gc, windows-amd64)
# No core dump will be written. Minidumps are not enabled by default on client versions of Windows
#

---------------  S U M M A R Y ------------

Command Line: -Djava.rmi.server.hostname=127.0.0.1 -Duser.timezone=UTC -Xmx750m -Xms128m --add-exports=java.desktop/sun.awt=ALL-UNNAMED --add-exports=java.desktop/java.awt.peer=ALL-UNNAMED --add-opens=java.desktop/java.awt=ALL-UNNAMED --add-opens=jdk.unsupported/sun.misc=ALL-UNNAMED --add-opens=java.base/java.nio=ALL-UNNAMED --add-opens=java.base/java.util=ALL-UNNAMED -Dfile.encoding=UTF-8 com.intellij.database.remote.RemoteJdbcServer org.postgresql.Driver

Host: AMD Ryzen 7 5700U with Radeon Graphics         , 16 cores, 15G,  Windows 11 , 64 bit Build 22621 (10.0.22621.3958)
Time: Sat Nov  9 23:57:16 2024 Central European Standard Time elapsed time: 0.021470 seconds (0d 0h 0m 0s)

---------------  T H R E A D  ---------------

Current thread (0x00000200893c3670):  JavaThread "Unknown thread" [_thread_in_vm, id=16212, stack(0x0000007720700000,0x0000007720800000)]

Stack: [0x0000007720700000,0x0000007720800000]
Native frames: (J=compiled Java code, j=interpreted, Vv=VM code, C=native code)
V  [jvm.dll+0x683b4a]
V  [jvm.dll+0x842654]
V  [jvm.dll+0x843dfe]
V  [jvm.dll+0x844463]
V  [jvm.dll+0x249b75]
V  [jvm.dll+0x680a19]
V  [jvm.dll+0x674f0a]
V  [jvm.dll+0x309acb]
V  [jvm.dll+0x310f86]
V  [jvm.dll+0x3608ee]
V  [jvm.dll+0x360b1f]
V  [jvm.dll+0x2dfbf8]
V  [jvm.dll+0x2e0b64]
V  [jvm.dll+0x813f41]
V  [jvm.dll+0x36e6a1]
V  [jvm.dll+0x7f347c]
V  [jvm.dll+0x3f0e8f]
V  [jvm.dll+0x3f29d1]
C  [jli.dll+0x526b]
C  [ucrtbase.dll+0x29333]
C  [KERNEL32.DLL+0x1257d]
C  [ntdll.dll+0x5af08]


---------------  P R O C E S S  ---------------

Threads class SMR info:
_java_thread_list=0x00007ff9573ac058, length=0, elements={
}

Java Threads: ( => current thread )

Other Threads:
  0x00000200893fa3c0 GCTaskThread "GC Thread#0" [stack: 0x0000007720800000,0x0000007720900000] [id=18872]
  0x00000200894010c0 ConcurrentGCThread "G1 Main Marker" [stack: 0x0000007720900000,0x0000007720a00000] [id=6012]
  0x0000020089402270 ConcurrentGCThread "G1 Conc#0" [stack: 0x0000007720a00000,0x0000007720b00000] [id=22516]

[error occurred during error reporting (printing all threads), id 0xc0000005, EXCEPTION_ACCESS_VIOLATION (0xc0000005) at pc=0x00007ff956b60797]

VM state: not at safepoint (not fully initialized)

VM Mutex/Monitor currently owned by a thread:  ([mutex/lock_event])
[0x00000200893bf380] Heap_lock - owner thread: 0x00000200893c3670

Heap address: 0x00000000d1200000, size: 750 MB, Compressed Oops mode: 32-bit

CDS archive(s) mapped at: [0x0000000000000000-0x0000000000000000-0x0000000000000000), size 0, SharedBaseAddress: 0x0000000800000000, ArchiveRelocationMode: 0.
Narrow klass base: 0x0000000000000000, Narrow klass shift: 0, Narrow klass range: 0x0

GC Precious Log:
<Empty>

Heap:
 garbage-first heap   total 0K, used 0K [0x00000000d1200000, 0x0000000100000000)
  region size 1024K, 0 young (0K), 0 survivors (0K)

[error occurred during error reporting (printing heap information), id 0xc0000005, EXCEPTION_ACCESS_VIOLATION (0xc0000005) at pc=0x00007ff956f4d939]

GC Heap History (0 events):
No events

Dll operation events (1 events):
Event: 0.012 Loaded shared library C:\Program Files\JetBrains\IntelliJ IDEA 2021.3.1\jbr\bin\java.dll

Deoptimization events (0 events):
No events

Classes unloaded (0 events):
No events

Classes redefined (0 events):
No events

Internal exceptions (0 events):
No events

VM Operations (0 events):
No events

Events (0 events):
No events


Dynamic libraries:
0x00007ff6af8c0000 - 0x00007ff6af8ca000 	C:\Program Files\JetBrains\IntelliJ IDEA 2021.3.1\jbr\bin\java.exe
0x00007ff9fdd10000 - 0x00007ff9fdf27000 	C:\WINDOWS\SYSTEM32\ntdll.dll
0x00007ff9fd140000 - 0x00007ff9fd204000 	C:\WINDOWS\System32\KERNEL32.DLL
0x00007ff9fb3d0000 - 0x00007ff9fb787000 	C:\WINDOWS\System32\KERNELBASE.dll
0x00007ff9fb050000 - 0x00007ff9fb161000 	C:\WINDOWS\System32\ucrtbase.dll
0x00007ff9d76f0000 - 0x00007ff9d770b000 	C:\Program Files\JetBrains\IntelliJ IDEA 2021.3.1\jbr\bin\VCRUNTIME140.dll
0x00007ff9e0a50000 - 0x00007ff9e0a67000 	C:\Program Files\JetBrains\IntelliJ IDEA 2021.3.1\jbr\bin\jli.dll
0x00007ff9fd980000 - 0x00007ff9fdb2f000 	C:\WINDOWS\System32\USER32.dll
0x00007ff9fb020000 - 0x00007ff9fb046000 	C:\WINDOWS\System32\win32u.dll
0x00007ff9e0b80000 - 0x00007ff9e0e13000 	C:\WINDOWS\WinSxS\amd64_microsoft.windows.common-controls_6595b64144ccf1df_6.0.22621.3672_none_2713b9d173822955\COMCTL32.dll
0x00007ff9fbaf0000 - 0x00007ff9fbb19000 	C:\WINDOWS\System32\GDI32.dll
0x00007ff9fd870000 - 0x00007ff9fd917000 	C:\WINDOWS\System32\msvcrt.dll
0x00007ff9fb8a0000 - 0x00007ff9fb9b8000 	C:\WINDOWS\System32\gdi32full.dll
0x00007ff9fb790000 - 0x00007ff9fb82a000 	C:\WINDOWS\System32\msvcp_win.dll
0x00007ff9fd230000 - 0x00007ff9fd261000 	C:\WINDOWS\System32\IMM32.DLL
0x00007ff9d76e0000 - 0x00007ff9d76ec000 	C:\Program Files\JetBrains\IntelliJ IDEA 2021.3.1\jbr\bin\vcruntime140_1.dll
0x00007ff9ad880000 - 0x00007ff9ad90d000 	C:\Program Files\JetBrains\IntelliJ IDEA 2021.3.1\jbr\bin\msvcp140.dll
0x00007ff956870000 - 0x00007ff9574dd000 	C:\Program Files\JetBrains\IntelliJ IDEA 2021.3.1\jbr\bin\server\jvm.dll
0x00007ff9fbf90000 - 0x00007ff9fc042000 	C:\WINDOWS\System32\ADVAPI32.dll
0x00007ff9fd270000 - 0x00007ff9fd318000 	C:\WINDOWS\System32\sechost.dll
0x00007ff9fb2e0000 - 0x00007ff9fb308000 	C:\WINDOWS\System32\bcrypt.dll
0x00007ff9fdb30000 - 0x00007ff9fdc44000 	C:\WINDOWS\System32\RPCRT4.dll
0x00007ff9e2740000 - 0x00007ff9e2749000 	C:\WINDOWS\SYSTEM32\WSOCK32.dll
0x00007ff9f21d0000 - 0x00007ff9f21da000 	C:\WINDOWS\SYSTEM32\VERSION.dll
0x00007ff9f33a0000 - 0x00007ff9f33d4000 	C:\WINDOWS\SYSTEM32\WINMM.dll
0x00007ff9fbb20000 - 0x00007ff9fbb91000 	C:\WINDOWS\System32\WS2_32.dll
0x00007ff9fa070000 - 0x00007ff9fa088000 	C:\WINDOWS\SYSTEM32\kernel.appcore.dll
0x00007ff9f6340000 - 0x00007ff9f634a000 	C:\Program Files\JetBrains\IntelliJ IDEA 2021.3.1\jbr\bin\jimage.dll
0x00007ff9f1190000 - 0x00007ff9f13c2000 	C:\WINDOWS\SYSTEM32\DBGHELP.DLL
0x00007ff9fd4d0000 - 0x00007ff9fd85e000 	C:\WINDOWS\System32\combase.dll
0x00007ff9fbea0000 - 0x00007ff9fbf77000 	C:\WINDOWS\System32\OLEAUT32.dll
0x00007ff9e12e0000 - 0x00007ff9e1312000 	C:\WINDOWS\SYSTEM32\dbgcore.DLL
0x00007ff9fb9c0000 - 0x00007ff9fba3b000 	C:\WINDOWS\System32\bcryptPrimitives.dll
0x00007ff9f6260000 - 0x00007ff9f6285000 	C:\Program Files\JetBrains\IntelliJ IDEA 2021.3.1\jbr\bin\java.dll

dbghelp: loaded successfully - version: 4.0.5 - missing functions: none
symbol engine: initialized successfully - sym options: 0x614 - pdb path: .;C:\Program Files\JetBrains\IntelliJ IDEA 2021.3.1\jbr\bin;C:\WINDOWS\SYSTEM32;C:\WINDOWS\WinSxS\amd64_microsoft.windows.common-controls_6595b64144ccf1df_6.0.22621.3672_none_2713b9d173822955;C:\Program Files\JetBrains\IntelliJ IDEA 2021.3.1\jbr\bin\server

VM Arguments:
jvm_args: -Djava.rmi.server.hostname=127.0.0.1 -Duser.timezone=UTC -Xmx750m -Xms128m --add-exports=java.desktop/sun.awt=ALL-UNNAMED --add-exports=java.desktop/java.awt.peer=ALL-UNNAMED --add-opens=java.desktop/java.awt=ALL-UNNAMED --add-opens=jdk.unsupported/sun.misc=ALL-UNNAMED --add-opens=java.base/java.nio=ALL-UNNAMED --add-opens=java.base/java.util=ALL-UNNAMED -Dfile.encoding=UTF-8 
java_command: com.intellij.database.remote.RemoteJdbcServer org.postgresql.Driver
java_class_path (initial): C:\Program Files\JetBrains\IntelliJ IDEA 2021.3.1\lib\util_rt.jar;C:\Program Files\JetBrains\IntelliJ IDEA 2021.3.1\lib\util-8.jar;C:\Program Files\JetBrains\IntelliJ IDEA 2021.3.1\lib\groovy.jar;C:\Program Files\JetBrains\IntelliJ IDEA 2021.3.1\plugins\DatabaseTools\lib\jdbc-console.jar;C:\Program Files\JetBrains\IntelliJ IDEA 2021.3.1\plugins\grid-core-impl\lib\jdbc-console-types.jar;C:\Program Files\JetBrains\IntelliJ IDEA 2021.3.1\lib\util.jar;C:\Users\yahyo\AppData\Roaming\JetBrains\IntelliJIdea2023.1\jdbc-drivers\PostgreSQL\42.6.0\org\postgresql\postgresql\42.6.0\postgresql-42.6.0.jar;C:\Users\yahyo\AppData\Roaming\JetBrains\IntelliJIdea2023.1\jdbc-drivers\PostgreSQL\42.6.0\org\checkerframework\checker-qual\3.31.0\checker-qual-3.31.0.jar;C:\Users\yahyo\AppData\Roaming\JetBrains\IntelliJIdea2023.1\jdbc-drivers\PostgreSQL\42.6.0\com\github\waffle\waffle-jna\1.9.1\waffle-jna-1.9.1.jar;C:\Users\yahyo\AppData\Roaming\JetBrains\IntelliJIdea2023.1\jdbc-drivers\PostgreSQL\42.6.0\net\java\dev\jna\jna\4.5.1\jna-4.5.1.jar;C:\Users\yahyo\AppData\Roaming\JetBrains\IntelliJIdea2023.1\jdbc-drivers\PostgreSQL\42.6.0\net\java\dev\jna\jna-platform\4.5.1\jna-platform-4.5.1.jar;C:\Users\yahyo\AppData\Roaming\JetBrains\IntelliJIdea2023.1\jdbc-drivers\PostgreSQL\42.6.0\org\slf4j\jcl-over-slf4j\1.7.25\jcl-over-slf4j-1.7.25.jar;C:\Users\yahyo\AppData\Roaming\JetBrains\IntelliJIdea2023.1\jdbc-drivers\PostgreSQL\42.6.0\org\slf4j\slf4j-api\1.7.25\slf4j-api-1.7.25.jar;C:\Users\yahyo\AppData\Roaming\JetBrains\IntelliJIdea2023.1\jdbc-drivers\PostgreSQL\42.6.0\com\github\ben-manes\caffeine\caffeine\2.6.2\caffeine-2.6.2.jar
Launcher Type: SUN_STANDARD

[Global flags]
     intx CICompilerCount                          = 12                                        {product} {ergonomic}
     uint ConcGCThreads                            = 3                                         {product} {ergonomic}
     uint G1ConcRefinementThreads                  = 13                                        {product} {ergonomic}
   size_t G1HeapRegionSize                         = 1048576                                   {product} {ergonomic}
    uintx GCDrainStackTargetSize                   = 64                                        {product} {ergonomic}
   size_t InitialHeapSize                          = 134217728                                 {product} {command line}
   size_t MarkStackSize                            = 4194304                                   {product} {ergonomic}
   size_t MaxHeapSize                              = 786432000                                 {product} {command line}
   size_t MinHeapDeltaBytes                        = 1048576                                   {product} {ergonomic}
   size_t MinHeapSize                              = 134217728                                 {product} {command line}
    uintx NonNMethodCodeHeapSize                   = 7602480                                {pd product} {ergonomic}
    uintx NonProfiledCodeHeapSize                  = 122027880                              {pd product} {ergonomic}
    uintx ProfiledCodeHeapSize                     = 122027880                              {pd product} {ergonomic}
    uintx ReservedCodeCacheSize                    = 251658240                              {pd product} {ergonomic}
     bool SegmentedCodeCache                       = true                                      {product} {ergonomic}
   size_t SoftMaxHeapSize                          = 786432000                              {manageable} {ergonomic}
     bool UseCompressedClassPointers               = true                           {product lp64_product} {ergonomic}
     bool UseCompressedOops                        = true                           {product lp64_product} {ergonomic}
     bool UseG1GC                                  = true                                      {product} {ergonomic}
     bool UseLargePagesIndividualAllocation        = false                                  {pd product} {ergonomic}

Logging:
Log output configuration:
 #0: stdout all=warning uptime,level,tags
 #1: stderr all=off uptime,level,tags

Environment Variables:
PATH=D:\vmware\bin\;C:\Program Files\Common Files\Oracle\Java\javapath;C:\Program Files (x86)\Common Files\Oracle\Java\javapath;C:\windows\system32;C:\windows;C:\windows\System32\Wbem;C:\windows\System32\WindowsPowerShell\v1.0\;C:\windows\System32\OpenSSH\;C:\Program Files\Java\jdk-17.0.1\bin;C:\Program Files\Java\jfreechart\jfreechart-1.0.19\lib;C:\Program Files\Microsoft SQL Server\150\Tools\Binn\;C:\Program Files\Microsoft SQL Server\Client SDK\ODBC\170\Tools\Binn\;C:\Program Files\dotnet\;C:\Program Files\Git\cmd;C:\Program Files\PuTTY\;C:\Program Files (x86)\Microsoft SQL Server\150\DTS\Binn\;C:\Program Files\Azure Data Studio\bin;C:\WINDOWS\system32;C:\WINDOWS;C:\WINDOWS\System32\Wbem;C:\WINDOWS\System32\WindowsPowerShell\v1.0\;C:\WINDOWS\System32\OpenSSH\;C:\Program Files\nodejs\;C:\Gradle\gradle-8.1\bin;C:\Program Files\Docker\Docker\resources\bin;;C:\Program Files\HP\HP One Agent;C:\Users\yahyo\AppData\Local\Microsoft\WindowsApps;C:\Users\yahyo\.dotnet\tools;C:\Users\yahyo\AppData\Local\GitHubDesktop\bin;C:\Users\yahyo\AppData\Local\Programs\Microsoft VS Code\bin;C:\Program Files\Azure Data Studio\bin;C:\Users\yahyo\AppData\Roaming\npm
USERNAME=yahyo
OS=Windows_NT
PROCESSOR_IDENTIFIER=AMD64 Family 23 Model 104 Stepping 1, AuthenticAMD
TMP=C:\Users\yahyo\AppData\Local\Temp
TEMP=C:\Users\yahyo\AppData\Local\Temp



---------------  S Y S T E M  ---------------

OS:
 Windows 11 , 64 bit Build 22621 (10.0.22621.3958)
OS uptime: 0 days 9:56 hours
Hyper-V role detected

CPU: total 16 (initial active 16) (16 cores per cpu, 2 threads per core) family 23 model 104 stepping 1 microcode 0x0, cx8, cmov, fxsr, ht, mmx, 3dnowpref, sse, sse2, sse3, ssse3, sse4a, sse4.1, sse4.2, popcnt, lzcnt, tsc, tscinvbit, avx, avx2, aes, clmul, bmi1, bmi2, adx, sha, fma, vzeroupper, clflush, clflushopt, hv

Memory: 4k page, system-wide physical 15693M (1053M free)
TotalPageFile size 18211M (AvailPageFile size 80M)
current process WorkingSet (physical memory assigned to process): 11M, peak: 11M
current process commit charge ("private bytes"): 70M, peak: 197M

vm_info: OpenJDK 64-Bit Server VM (17.0.6+10-b829.5) for windows-amd64 JRE (17.0.6+10-b829.5), built on 2023-02-24 by "builduser" with MS VC++ 16.10 / 16.11 (VS2019)

END.
